<?xml version="1.0" encoding="UTF-8"?>
<testng-results ignored="0" total="2" passed="2" failed="0" skipped="0">
  <reporter-output>
  </reporter-output>
  <suite started-at="2024-02-02T12:52:07 IST" name="Suite" finished-at="2024-02-02T12:52:43 IST" duration-ms="36582">
    <groups>
    </groups>
    <test started-at="2024-02-02T12:52:07 IST" name="Test" finished-at="2024-02-02T12:52:43 IST" duration-ms="36582">
      <class name="Tests.Assignment_1_and_2">
        <test-method is-config="true" signature="setup()[pri:0, instance:Tests.Assignment_1_and_2@5f058f00]" started-at="2024-02-02T12:52:07 IST" name="setup" finished-at="2024-02-02T12:52:30 IST" duration-ms="23089" status="PASS">
          <reporter-output>
          </reporter-output>
        </test-method> <!-- setup -->
        <test-method signature="validateTitle()[pri:0, instance:Tests.Assignment_1_and_2@5f058f00]" started-at="2024-02-02T12:52:31 IST" name="validateTitle" finished-at="2024-02-02T12:52:36 IST" duration-ms="5262" status="PASS">
          <reporter-output>
          </reporter-output>
        </test-method> <!-- validateTitle -->
        <test-method signature="validateURL()[pri:1, instance:Tests.Assignment_1_and_2@5f058f00]" started-at="2024-02-02T12:52:37 IST" name="validateURL" finished-at="2024-02-02T12:52:37 IST" duration-ms="889" status="PASS">
          <reporter-output>
          </reporter-output>
        </test-method> <!-- validateURL -->
        <test-method is-config="true" signature="tearDown()[pri:0, instance:Tests.Assignment_1_and_2@5f058f00]" started-at="2024-02-02T12:52:37 IST" name="tearDown" finished-at="2024-02-02T12:52:43 IST" duration-ms="5842" status="PASS">
          <reporter-output>
          </reporter-output>
        </test-method> <!-- tearDown -->
      </class> <!-- Tests.Assignment_1_and_2 -->
    </test> <!-- Test -->
  </suite> <!-- Suite -->
</testng-results>
